#
# There is insufficient memory for the Java Runtime Environment to continue.
# Native memory allocation (malloc) failed to allocate 1807920 bytes for Chunk::new
# Possible reasons:
#   The system is out of physical RAM or swap space
#   In 32 bit mode, the process size limit was hit
# Possible solutions:
#   Reduce memory load on the system
#   Increase physical memory or swap space
#   Check if swap backing store is full
#   Use 64 bit Java on a 64 bit OS
#   Decrease Java heap size (-Xmx/-Xms)
#   Decrease number of Java threads
#   Decrease Java thread stack sizes (-Xss)
#   Set larger code cache with -XX:ReservedCodeCacheSize=
# This output file may be truncated or incomplete.
#
#  Out of Memory Error (allocation.cpp:390), pid=8808, tid=0x000000000000258c
#
# JRE version: OpenJDK Runtime Environment (8.0_112-b06) (build 1.8.0_112-release-b06)
# Java VM: OpenJDK 64-Bit Server VM (25.112-b06 mixed mode windows-amd64 compressed oops)
# Failed to write core dump. Minidumps are not enabled by default on client versions of Windows
#

---------------  T H R E A D  ---------------

Current thread (0x0000000016aea800):  JavaThread "C2 CompilerThread0" daemon [_thread_in_native, id=9612, stack(0x0000000018430000,0x0000000018530000)]

Stack: [0x0000000018430000,0x0000000018530000]
[error occurred during error reporting (printing stack bounds), id 0xc0000005]

Native frames: (J=compiled Java code, j=interpreted, Vv=VM code, C=native code)


Current CompileTask:
C2:   4873 1340       4       java.net.URLClassLoader$1::run (5 bytes)


---------------  P R O C E S S  ---------------

Java Threads: ( => current thread )
  0x000000001b050800 JavaThread "File lock request listener" [_thread_in_native, id=9452, stack(0x000000001bfd0000,0x000000001c0d0000)]
  0x0000000019626000 JavaThread "Stdin handler" [_thread_blocked, id=12556, stack(0x000000001ad00000,0x000000001ae00000)]
  0x000000001963e000 JavaThread "Asynchronous log dispatcher for DefaultDaemonConnection: socket connection from /127.0.0.1:49935 to /127.0.0.1:49940" [_thread_blocked, id=6408, stack(0x000000001ac00000,0x000000001ad00000)]
  0x00000000197c2800 JavaThread "Daemon worker" [_thread_in_Java, id=6604, stack(0x000000001ab00000,0x000000001ac00000)]
  0x00000000197c1800 JavaThread "Cancel handler" [_thread_blocked, id=6612, stack(0x000000001aa00000,0x000000001ab00000)]
  0x00000000197a9800 JavaThread "pool-1-thread-1" [_thread_blocked, id=10064, stack(0x000000001a900000,0x000000001aa00000)]
  0x00000000195ee000 JavaThread "Handler for socket connection from /127.0.0.1:49935 to /127.0.0.1:49940" [_thread_in_native, id=8376, stack(0x000000001a800000,0x000000001a900000)]
  0x00000000195f6800 JavaThread "Daemon" [_thread_blocked, id=10352, stack(0x000000001a500000,0x000000001a600000)]
  0x0000000019659000 JavaThread "Incoming local TCP Connector on port 49935" [_thread_in_native, id=10696, stack(0x000000001a100000,0x000000001a200000)]
  0x0000000017ec1000 JavaThread "Service Thread" daemon [_thread_blocked, id=8564, stack(0x0000000018730000,0x0000000018830000)]
  0x0000000017e3b800 JavaThread "C1 CompilerThread2" daemon [_thread_blocked, id=6268, stack(0x0000000018630000,0x0000000018730000)]
  0x0000000016b3a000 JavaThread "C2 CompilerThread1" daemon [_thread_in_native, id=6260, stack(0x0000000018530000,0x0000000018630000)]
=>0x0000000016aea800 JavaThread "C2 CompilerThread0" daemon [_thread_in_native, id=9612, stack(0x0000000018430000,0x0000000018530000)]
  0x0000000016b39800 JavaThread "Attach Listener" daemon [_thread_blocked, id=8680, stack(0x0000000018330000,0x0000000018430000)]
  0x0000000017e38800 JavaThread "Signal Dispatcher" daemon [_thread_blocked, id=8916, stack(0x0000000018230000,0x0000000018330000)]
  0x0000000016ac7000 JavaThread "Finalizer" daemon [_thread_blocked, id=8924, stack(0x0000000017d30000,0x0000000017e30000)]
  0x0000000003161000 JavaThread "Reference Handler" daemon [_thread_blocked, id=8388, stack(0x0000000017c30000,0x0000000017d30000)]
  0x0000000003070800 JavaThread "main" [_thread_blocked, id=5996, stack(0x0000000002f70000,0x0000000003070000)]

Other Threads:
  0x0000000016aa5000 VMThread [stack: 0x0000000017b30000,0x0000000017c30000] [id=9472]
  0x0000000017ec2800 WatcherThread [stack: 0x0000000018830000,0x0000000018930000] [id=8508]

VM state:not at safepoint (normal execution)

VM Mutex/Monitor currently owned by a thread: None

Heap:
 PSYoungGen      total 38912K, used 5246K [0x00000000e0000000, 0x00000000e2c00000, 0x0000000100000000)
  eden space 32768K, 1% used [0x00000000e0000000,0x00000000e00786a0,0x00000000e2000000)
  from space 6144K, 77% used [0x00000000e2600000,0x00000000e2aa7260,0x00000000e2c00000)
  to   space 6144K, 0% used [0x00000000e2000000,0x00000000e2000000,0x00000000e2600000)
 ParOldGen       total 44032K, used 7109K [0x00000000a0000000, 0x00000000a2b00000, 0x00000000e0000000)
  object space 44032K, 16% used [0x00000000a0000000,0x00000000a06f14f0,0x00000000a2b00000)
 Metaspace       used 16815K, capacity 17222K, committed 17408K, reserved 1064960K
  class space    used 2334K, capacity 2464K, committed 2560K, reserved 1048576K

Card table byte_map: [0x0000000012530000,0x0000000012840000] byte_map_base: 0x0000000012030000

Marking Bits: (ParMarkBitMap*) 0x000000006eb318f0
 Begin Bits: [0x0000000012e40000, 0x0000000014640000)
 End Bits:   [0x0000000014640000, 0x0000000015e40000)

Polling page: 0x0000000002a40000

CodeCache: size=245760Kb used=5153Kb max_used=5153Kb free=240607Kb
 bounds [0x0000000003170000, 0x0000000003680000, 0x0000000012170000]
 total_blobs=1858 nmethods=1462 adapters=309
 compilation: enabled

Compilation events (10 events):
Event: 4.860 Thread 0x0000000017e3b800 1464  s    3       java.io.ByteArrayOutputStream::write (66 bytes)
Event: 4.861 Thread 0x0000000017e3b800 nmethod 1464 0x00000000036777d0 code [0x0000000003677980, 0x0000000003677fe8]
Event: 4.863 Thread 0x0000000017e3b800 1465       1       java.lang.reflect.Proxy$Key1::hashCode (5 bytes)
Event: 4.863 Thread 0x0000000017e3b800 nmethod 1465 0x0000000003678210 code [0x0000000003678360, 0x0000000003678470]
Event: 4.863 Thread 0x0000000017e3b800 1466       3       sun.misc.SharedSecrets::getJavaLangAccess (4 bytes)
Event: 4.863 Thread 0x0000000017e3b800 nmethod 1466 0x00000000036784d0 code [0x0000000003678620, 0x0000000003678750]
Event: 4.864 Thread 0x0000000017e3b800 1467       3       org.objectweb.asm.Type::getArgumentsAndReturnSizes (151 bytes)
Event: 4.865 Thread 0x0000000017e3b800 nmethod 1467 0x00000000036787d0 code [0x0000000003678a00, 0x0000000003679798]
Event: 4.865 Thread 0x0000000017e3b800 1468       3       org.objectweb.asm.MethodWriter::visitVarInsn (292 bytes)
Event: 4.867 Thread 0x0000000017e3b800 nmethod 1468 0x0000000003679cd0 code [0x0000000003679f00, 0x000000000367a968]

GC Heap History (10 events):
Event: 1.033 GC heap before
{Heap before GC invocations=2 (full 0):
 PSYoungGen      total 18944K, used 18670K [0x00000000e0000000, 0x00000000e1500000, 0x0000000100000000)
  eden space 16384K, 98% used [0x00000000e0000000,0x00000000e0fc2af0,0x00000000e1000000)
  from space 2560K, 98% used [0x00000000e1000000,0x00000000e1279098,0x00000000e1280000)
  to   space 2560K, 0% used [0x00000000e1280000,0x00000000e1280000,0x00000000e1500000)
 ParOldGen       total 44032K, used 863K [0x00000000a0000000, 0x00000000a2b00000, 0x00000000e0000000)
  object space 44032K, 1% used [0x00000000a0000000,0x00000000a00d7e38,0x00000000a2b00000)
 Metaspace       used 6861K, capacity 7084K, committed 7296K, reserved 1056768K
  class space    used 836K, capacity 892K, committed 896K, reserved 1048576K
Event: 1.038 GC heap after
Heap after GC invocations=2 (full 0):
 PSYoungGen      total 18944K, used 2540K [0x00000000e0000000, 0x00000000e1500000, 0x0000000100000000)
  eden space 16384K, 0% used [0x00000000e0000000,0x00000000e0000000,0x00000000e1000000)
  from space 2560K, 99% used [0x00000000e1280000,0x00000000e14fb278,0x00000000e1500000)
  to   space 2560K, 0% used [0x00000000e1000000,0x00000000e1000000,0x00000000e1280000)
 ParOldGen       total 44032K, used 1089K [0x00000000a0000000, 0x00000000a2b00000, 0x00000000e0000000)
  object space 44032K, 2% used [0x00000000a0000000,0x00000000a01104d0,0x00000000a2b00000)
 Metaspace       used 6861K, capacity 7084K, committed 7296K, reserved 1056768K
  class space    used 836K, capacity 892K, committed 896K, reserved 1048576K
}
Event: 1.711 GC heap before
{Heap before GC invocations=3 (full 0):
 PSYoungGen      total 18944K, used 18924K [0x00000000e0000000, 0x00000000e1500000, 0x0000000100000000)
  eden space 16384K, 100% used [0x00000000e0000000,0x00000000e1000000,0x00000000e1000000)
  from space 2560K, 99% used [0x00000000e1280000,0x00000000e14fb278,0x00000000e1500000)
  to   space 2560K, 0% used [0x00000000e1000000,0x00000000e1000000,0x00000000e1280000)
 ParOldGen       total 44032K, used 1089K [0x00000000a0000000, 0x00000000a2b00000, 0x00000000e0000000)
  object space 44032K, 2% used [0x00000000a0000000,0x00000000a01104d0,0x00000000a2b00000)
 Metaspace       used 8980K, capacity 9162K, committed 9472K, reserved 1056768K
  class space    used 1142K, capacity 1221K, committed 1280K, reserved 1048576K
Event: 1.719 GC heap after
Heap after GC invocations=3 (full 0):
 PSYoungGen      total 18944K, used 2536K [0x00000000e0000000, 0x00000000e1500000, 0x0000000100000000)
  eden space 16384K, 0% used [0x00000000e0000000,0x00000000e0000000,0x00000000e1000000)
  from space 2560K, 99% used [0x00000000e1000000,0x00000000e127a040,0x00000000e1280000)
  to   space 2560K, 0% used [0x00000000e1280000,0x00000000e1280000,0x00000000e1500000)
 ParOldGen       total 44032K, used 2546K [0x00000000a0000000, 0x00000000a2b00000, 0x00000000e0000000)
  object space 44032K, 5% used [0x00000000a0000000,0x00000000a027ca98,0x00000000a2b00000)
 Metaspace       used 8980K, capacity 9162K, committed 9472K, reserved 1056768K
  class space    used 1142K, capacity 1221K, committed 1280K, reserved 1048576K
}
Event: 4.044 GC heap before
{Heap before GC invocations=4 (full 0):
 PSYoungGen      total 18944K, used 18920K [0x00000000e0000000, 0x00000000e1500000, 0x0000000100000000)
  eden space 16384K, 100% used [0x00000000e0000000,0x00000000e1000000,0x00000000e1000000)
  from space 2560K, 99% used [0x00000000e1000000,0x00000000e127a040,0x00000000e1280000)
  to   space 2560K, 0% used [0x00000000e1280000,0x00000000e1280000,0x00000000e1500000)
 ParOldGen       total 44032K, used 2546K [0x00000000a0000000, 0x00000000a2b00000, 0x00000000e0000000)
  object space 44032K, 5% used [0x00000000a0000000,0x00000000a027ca98,0x00000000a2b00000)
 Metaspace       used 13222K, capacity 13578K, committed 13696K, reserved 1060864K
  class space    used 1752K, capacity 1874K, committed 1920K, reserved 1048576K
Event: 4.049 GC heap after
Heap after GC invocations=4 (full 0):
 PSYoungGen      total 18944K, used 2536K [0x00000000e0000000, 0x00000000e1500000, 0x0000000100000000)
  eden space 16384K, 0% used [0x00000000e0000000,0x00000000e0000000,0x00000000e1000000)
  from space 2560K, 99% used [0x00000000e1280000,0x00000000e14fa020,0x00000000e1500000)
  to   space 2560K, 0% used [0x00000000e1000000,0x00000000e1000000,0x00000000e1280000)
 ParOldGen       total 44032K, used 4898K [0x00000000a0000000, 0x00000000a2b00000, 0x00000000e0000000)
  object space 44032K, 11% used [0x00000000a0000000,0x00000000a04c8b70,0x00000000a2b00000)
 Metaspace       used 13222K, capacity 13578K, committed 13696K, reserved 1060864K
  class space    used 1752K, capacity 1874K, committed 1920K, reserved 1048576K
}
Event: 4.235 GC heap before
{Heap before GC invocations=5 (full 0):
 PSYoungGen      total 18944K, used 18920K [0x00000000e0000000, 0x00000000e1500000, 0x0000000100000000)
  eden space 16384K, 100% used [0x00000000e0000000,0x00000000e1000000,0x00000000e1000000)
  from space 2560K, 99% used [0x00000000e1280000,0x00000000e14fa020,0x00000000e1500000)
  to   space 2560K, 0% used [0x00000000e1000000,0x00000000e1000000,0x00000000e1280000)
 ParOldGen       total 44032K, used 4898K [0x00000000a0000000, 0x00000000a2b00000, 0x00000000e0000000)
  object space 44032K, 11% used [0x00000000a0000000,0x00000000a04c8b70,0x00000000a2b00000)
 Metaspace       used 14710K, capacity 15018K, committed 15232K, reserved 1062912K
  class space    used 1998K, capacity 2098K, committed 2176K, reserved 1048576K
Event: 4.241 GC heap after
Heap after GC invocations=5 (full 0):
 PSYoungGen      total 18944K, used 2552K [0x00000000e0000000, 0x00000000e2c00000, 0x0000000100000000)
  eden space 16384K, 0% used [0x00000000e0000000,0x00000000e0000000,0x00000000e1000000)
  from space 2560K, 99% used [0x00000000e1000000,0x00000000e127e010,0x00000000e1280000)
  to   space 6144K, 0% used [0x00000000e2600000,0x00000000e2600000,0x00000000e2c00000)
 ParOldGen       total 44032K, used 7101K [0x00000000a0000000, 0x00000000a2b00000, 0x00000000e0000000)
  object space 44032K, 16% used [0x00000000a0000000,0x00000000a06ef4f0,0x00000000a2b00000)
 Metaspace       used 14710K, capacity 15018K, committed 15232K, reserved 1062912K
  class space    used 1998K, capacity 2098K, committed 2176K, reserved 1048576K
}
Event: 4.849 GC heap before
{Heap before GC invocations=6 (full 0):
 PSYoungGen      total 18944K, used 18936K [0x00000000e0000000, 0x00000000e2c00000, 0x0000000100000000)
  eden space 16384K, 100% used [0x00000000e0000000,0x00000000e1000000,0x00000000e1000000)
  from space 2560K, 99% used [0x00000000e1000000,0x00000000e127e010,0x00000000e1280000)
  to   space 6144K, 0% used [0x00000000e2600000,0x00000000e2600000,0x00000000e2c00000)
 ParOldGen       total 44032K, used 7101K [0x00000000a0000000, 0x00000000a2b00000, 0x00000000e0000000)
  object space 44032K, 16% used [0x00000000a0000000,0x00000000a06ef4f0,0x00000000a2b00000)
 Metaspace       used 16733K, capacity 17126K, committed 17280K, reserved 1064960K
  class space    used 2321K, capacity 2432K, committed 2432K, reserved 1048576K
Event: 4.857 GC heap after
Heap after GC invocations=6 (full 0):
 PSYoungGen      total 38912K, used 4764K [0x00000000e0000000, 0x00000000e2c00000, 0x0000000100000000)
  eden space 32768K, 0% used [0x00000000e0000000,0x00000000e0000000,0x00000000e2000000)
  from space 6144K, 77% used [0x00000000e2600000,0x00000000e2aa7260,0x00000000e2c00000)
  to   space 6144K, 0% used [0x00000000e2000000,0x00000000e2000000,0x00000000e2600000)
 ParOldGen       total 44032K, used 7109K [0x00000000a0000000, 0x00000000a2b00000, 0x00000000e0000000)
  object space 44032K, 16% used [0x00000000a0000000,0x00000000a06f14f0,0x00000000a2b00000)
 Metaspace       used 16733K, capacity 17126K, committed 17280K, reserved 1064960K
  class space    used 2321K, capacity 2432K, committed 2432K, reserved 1048576K
}

Deoptimization events (10 events):
Event: 4.344 Thread 0x00000000197c2800 Uncommon trap: reason=class_check action=maybe_recompile pc=0x000000000342fe04 method=java.util.HashMap.putVal(ILjava/lang/Object;Ljava/lang/Object;ZZ)Ljava/lang/Object; @ 203
Event: 4.400 Thread 0x00000000197c2800 Uncommon trap: reason=unstable_if action=reinterpret pc=0x00000000032c3e08 method=java.net.URI.match(CJJ)Z @ 19
Event: 4.401 Thread 0x00000000197c2800 Uncommon trap: reason=unstable_if action=reinterpret pc=0x00000000034079c0 method=java.net.URI.match(CJJ)Z @ 19
Event: 4.709 Thread 0x00000000197c2800 Uncommon trap: reason=bimorphic action=maybe_recompile pc=0x00000000035fa7a8 method=java.lang.ClassLoader.loadClass(Ljava/lang/String;Z)Ljava/lang/Class; @ 38
Event: 4.713 Thread 0x00000000197c2800 Uncommon trap: reason=bimorphic action=maybe_recompile pc=0x00000000035fa7a8 method=java.lang.ClassLoader.loadClass(Ljava/lang/String;Z)Ljava/lang/Class; @ 38
Event: 4.713 Thread 0x00000000197c2800 Uncommon trap: reason=bimorphic action=maybe_recompile pc=0x00000000035fa7a8 method=java.lang.ClassLoader.loadClass(Ljava/lang/String;Z)Ljava/lang/Class; @ 38
Event: 4.713 Thread 0x00000000197c2800 Uncommon trap: reason=bimorphic action=maybe_recompile pc=0x00000000035fa7a8 method=java.lang.ClassLoader.loadClass(Ljava/lang/String;Z)Ljava/lang/Class; @ 38
Event: 4.809 Thread 0x00000000197c2800 Uncommon trap: reason=predicate action=maybe_recompile pc=0x000000000365d788 method=sun.security.provider.DigestBase.implCompressMultiBlock([BII)I @ 5
Event: 4.814 Thread 0x00000000197c2800 Uncommon trap: reason=unstable_if action=reinterpret pc=0x0000000003448250 method=java.lang.AbstractStringBuilder.append(Ljava/lang/String;)Ljava/lang/AbstractStringBuilder; @ 1
Event: 4.814 Thread 0x00000000197c2800 Uncommon trap: reason=unstable_if action=reinterpret pc=0x000000000338eb90 method=java.lang.AbstractStringBuilder.append(Ljava/lang/String;)Ljava/lang/AbstractStringBuilder; @ 1

Internal exceptions (10 events):
Event: 4.461 Thread 0x00000000197c2800 Exception <a 'java/lang/NoSuchMethodError': <clinit>> (0x00000000e0ab0060) thrown at [C:\src\android\AOSP-openjdk\external\jetbrains\jdk\hotspot\src\share\vm\prims\jni.cpp, line 1613]
Event: 4.462 Thread 0x00000000197c2800 Exception <a 'java/lang/NoSuchMethodError': <clinit>> (0x00000000e0abc420) thrown at [C:\src\android\AOSP-openjdk\external\jetbrains\jdk\hotspot\src\share\vm\prims\jni.cpp, line 1613]
Event: 4.464 Thread 0x00000000197c2800 Exception <a 'java/lang/NoSuchMethodError': <clinit>> (0x00000000e0ac6890) thrown at [C:\src\android\AOSP-openjdk\external\jetbrains\jdk\hotspot\src\share\vm\prims\jni.cpp, line 1613]
Event: 4.715 Thread 0x00000000197c2800 Exception <a 'java/lang/NoSuchMethodError': <clinit>> (0x00000000e0be9990) thrown at [C:\src\android\AOSP-openjdk\external\jetbrains\jdk\hotspot\src\share\vm\prims\jni.cpp, line 1613]
Event: 4.734 Thread 0x00000000197c2800 Exception <a 'java/lang/NoSuchMethodError': <clinit>> (0x00000000e0c2d518) thrown at [C:\src\android\AOSP-openjdk\external\jetbrains\jdk\hotspot\src\share\vm\prims\jni.cpp, line 1613]
Event: 4.742 Thread 0x00000000197c2800 Exception <a 'java/lang/NoSuchMethodError': <clinit>> (0x00000000e0c56b88) thrown at [C:\src\android\AOSP-openjdk\external\jetbrains\jdk\hotspot\src\share\vm\prims\jni.cpp, line 1613]
Event: 4.742 Thread 0x00000000197c2800 Exception <a 'java/lang/NoSuchMethodError': <clinit>> (0x00000000e0c63d28) thrown at [C:\src\android\AOSP-openjdk\external\jetbrains\jdk\hotspot\src\share\vm\prims\jni.cpp, line 1613]
Event: 4.744 Thread 0x00000000197c2800 Exception <a 'java/lang/NoSuchMethodError': <clinit>> (0x00000000e0c76d68) thrown at [C:\src\android\AOSP-openjdk\external\jetbrains\jdk\hotspot\src\share\vm\prims\jni.cpp, line 1613]
Event: 4.814 Thread 0x00000000197c2800 Implicit null exception at 0x0000000003447e96 to 0x0000000003448239
Event: 4.814 Thread 0x00000000197c2800 Implicit null exception at 0x000000000338e7d6 to 0x000000000338eb79

Events (10 events):
Event: 4.862 loading class org/gradle/api/plugins/AppliedPlugin
Event: 4.862 loading class org/gradle/api/plugins/AppliedPlugin done
Event: 4.865 loading class org/gradle/api/internal/plugins/DefaultPluginContainer
Event: 4.865 loading class org/gradle/api/internal/plugins/DefaultPluginContainer done
Event: 4.865 loading class org/gradle/api/internal/plugins/DefaultPluginCollection
Event: 4.865 loading class org/gradle/api/internal/plugins/DefaultPluginCollection done
Event: 4.866 loading class org/gradle/api/internal/DefaultDomainObjectSet
Event: 4.866 loading class org/gradle/api/internal/DefaultDomainObjectSet done
Event: 4.866 loading class org/gradle/api/internal/DefaultDomainObjectCollection
Event: 4.866 loading class org/gradle/api/internal/DefaultDomainObjectCollection done


Dynamic libraries:
0x00007ff75fb30000 - 0x00007ff75fb61000 	C:\Program Files (x86)\Android\jre\bin\java.exe
0x00007fffabc10000 - 0x00007fffabdf1000 	C:\WINDOWS\SYSTEM32\ntdll.dll
0x00007fffab590000 - 0x00007fffab642000 	C:\WINDOWS\System32\KERNEL32.DLL
0x00007fffa81d0000 - 0x00007fffa8443000 	C:\WINDOWS\System32\KERNELBASE.dll
0x00007fffab910000 - 0x00007fffab9b1000 	C:\WINDOWS\System32\ADVAPI32.dll
0x00007fffab4d0000 - 0x00007fffab56e000 	C:\WINDOWS\System32\msvcrt.dll
0x00007fffab720000 - 0x00007fffab77b000 	C:\WINDOWS\System32\sechost.dll
0x00007fffa9230000 - 0x00007fffa9354000 	C:\WINDOWS\System32\RPCRT4.dll
0x00007fffa90a0000 - 0x00007fffa9230000 	C:\WINDOWS\System32\USER32.dll
0x00007fffa9080000 - 0x00007fffa90a0000 	C:\WINDOWS\System32\win32u.dll
0x00007fffaa960000 - 0x00007fffaa988000 	C:\WINDOWS\System32\GDI32.dll
0x00007fffa7fe0000 - 0x00007fffa8172000 	C:\WINDOWS\System32\gdi32full.dll
0x00007fffa8fe0000 - 0x00007fffa907f000 	C:\WINDOWS\System32\msvcp_win.dll
0x00007fffa84d0000 - 0x00007fffa85ca000 	C:\WINDOWS\System32\ucrtbase.dll
0x00007fff9b3a0000 - 0x00007fff9b609000 	C:\WINDOWS\WinSxS\amd64_microsoft.windows.common-controls_6595b64144ccf1df_6.0.17134.48_none_b4b2216a3cb4dd3e\COMCTL32.dll
0x00007fffab0e0000 - 0x00007fffab403000 	C:\WINDOWS\System32\combase.dll
0x00007fffa8450000 - 0x00007fffa84ca000 	C:\WINDOWS\System32\bcryptPrimitives.dll
0x00007fffab8e0000 - 0x00007fffab90d000 	C:\WINDOWS\System32\IMM32.DLL
0x000000006ef20000 - 0x000000006eff2000 	C:\Program Files (x86)\Android\jre\jre\bin\msvcr100.dll
0x000000006e370000 - 0x000000006ebac000 	C:\Program Files (x86)\Android\jre\jre\bin\server\jvm.dll
0x00007fffab580000 - 0x00007fffab588000 	C:\WINDOWS\System32\PSAPI.DLL
0x00007fff911c0000 - 0x00007fff911c9000 	C:\WINDOWS\SYSTEM32\WSOCK32.dll
0x00007fff9f080000 - 0x00007fff9f08a000 	C:\WINDOWS\SYSTEM32\VERSION.dll
0x00007fffa1fe0000 - 0x00007fffa2003000 	C:\WINDOWS\SYSTEM32\WINMM.dll
0x00007fffaa8f0000 - 0x00007fffaa95c000 	C:\WINDOWS\System32\WS2_32.dll
0x00007fffa1fb0000 - 0x00007fffa1fda000 	C:\WINDOWS\SYSTEM32\winmmbase.dll
0x00007fffa8180000 - 0x00007fffa81c9000 	C:\WINDOWS\System32\cfgmgr32.dll
0x00007fff9c610000 - 0x00007fff9c61f000 	C:\Program Files (x86)\Android\jre\jre\bin\verify.dll
0x00007fff9c5e0000 - 0x00007fff9c609000 	C:\Program Files (x86)\Android\jre\jre\bin\java.dll
0x00007fff98d50000 - 0x00007fff98d66000 	C:\Program Files (x86)\Android\jre\jre\bin\zip.dll
0x00007fffa93c0000 - 0x00007fffaa800000 	C:\WINDOWS\System32\SHELL32.dll
0x00007fffaaa00000 - 0x00007fffaaaa9000 	C:\WINDOWS\System32\shcore.dll
0x00007fffa88d0000 - 0x00007fffa8fdd000 	C:\WINDOWS\System32\windows.storage.dll
0x00007fffaa9a0000 - 0x00007fffaa9f1000 	C:\WINDOWS\System32\shlwapi.dll
0x00007fffa7fc0000 - 0x00007fffa7fd1000 	C:\WINDOWS\System32\kernel.appcore.dll
0x00007fffa7f90000 - 0x00007fffa7faf000 	C:\WINDOWS\System32\profapi.dll
0x00007fffa7f20000 - 0x00007fffa7f6c000 	C:\WINDOWS\System32\powrprof.dll
0x00007fffa7fb0000 - 0x00007fffa7fba000 	C:\WINDOWS\System32\FLTLIB.DLL
0x00007fff91220000 - 0x00007fff9123a000 	C:\Program Files (x86)\Android\jre\jre\bin\net.dll
0x00007fffa7780000 - 0x00007fffa77e6000 	C:\WINDOWS\system32\mswsock.dll
0x00007fff8f9c0000 - 0x00007fff8f9d1000 	C:\Program Files (x86)\Android\jre\jre\bin\nio.dll
0x00007fffa2a30000 - 0x00007fffa2a4e000 	C:\Users\dell\.gradle\native\23\windows-amd64\native-platform.dll
0x00007fffa7930000 - 0x00007fffa7947000 	C:\WINDOWS\SYSTEM32\CRYPTSP.dll
0x00007fffa7360000 - 0x00007fffa7393000 	C:\WINDOWS\system32\rsaenh.dll
0x00007fffa7a60000 - 0x00007fffa7a85000 	C:\WINDOWS\SYSTEM32\bcrypt.dll
0x00007fffa7e20000 - 0x00007fffa7e48000 	C:\WINDOWS\SYSTEM32\USERENV.dll
0x00007fffa7950000 - 0x00007fffa795b000 	C:\WINDOWS\SYSTEM32\CRYPTBASE.dll
0x00007fffa7500000 - 0x00007fffa7538000 	C:\WINDOWS\SYSTEM32\IPHLPAPI.DLL
0x00007fffab570000 - 0x00007fffab578000 	C:\WINDOWS\System32\NSI.dll
0x00007fff9c860000 - 0x00007fff9c876000 	C:\WINDOWS\SYSTEM32\dhcpcsvc6.DLL
0x00007fff9e460000 - 0x00007fff9e47a000 	C:\WINDOWS\SYSTEM32\dhcpcsvc.DLL
0x00007fff98d40000 - 0x00007fff98d4d000 	C:\Program Files (x86)\Android\jre\jre\bin\management.dll

VM Arguments:
jvm_args: -Xmx1536m -Dfile.encoding=GBK -Duser.country=CN -Duser.language=zh -Duser.variant 
java_command: org.gradle.launcher.daemon.bootstrap.GradleDaemon 3.3
java_class_path (initial): C:\Users\dell\.gradle\wrapper\dists\gradle-3.3-all\55gk2rcmfc6p2dg9u9ohc3hw9\gradle-3.3\lib\gradle-launcher-3.3.jar
Launcher Type: SUN_STANDARD

Environment Variables:
JAVA_HOME=C:\Program Files\Java\jdk1.8.0_131
CLASSPATH=.;C:\Program Files\Java\jdk1.8.0_131\lib\dt.jar;C:\Program Files\Java\jdk1.8.0_131\lib\tools.jar;
PATH=C:\Program Files (x86)\Intel\iCLS Client\;C:\ProgramData\Oracle\Java\javapath;C:\Program Files\Intel\iCLS Client\;C:\Windows\system32;C:\Windows;C:\Windows\System32\Wbem;C:\Windows\System32\WindowsPowerShell\v1.0\;C:\Program Files (x86)\NVIDIA Corporation\PhysX\Common;C:\Program Files\Java\jdk1.8.0_131\bin;C:\Program Files\Java\jdk1.8.0_131\jre\bin;C:\Program Files\Intel\WiFi\bin\;C:\Program Files\Common Files\Intel\WirelessCommon\;C:\WINDOWS\system32;C:\WINDOWS;C:\WINDOWS\System32\Wbem;C:\WINDOWS\System32\WindowsPowerShell\v1.0\;D:\Windows\C\bin;C:\WINDOWS\System32\OpenSSH\;C:\Program Files (x86)\Intel\Intel(R) Management Engine Components\DAL;C:\Program Files\Intel\Intel(R) Management Engine Components\DAL;C:\Program Files (x86)\Intel\Intel(R) Management Engine Components\IPT;C:\Program Files\Intel\Intel(R) Management Engine Components\IPT;C:\Users\dell\AppData\Local\Microsoft\WindowsApps;C:\Program Files\Java\jdk1.8.0_131\bin;C:\Users\dell\AppData\Local\Microsoft\WindowsApps;C:\Users\dell\AppData\Local\GitHubDesktop\bin
USERNAME=dell
OS=Windows_NT
PROCESSOR_IDENTIFIER=Intel64 Family 6 Model 142 Stepping 9, GenuineIntel



---------------  S Y S T E M  ---------------

OS: Windows 10.0 , 64 bit Build 17134 (10.0.17134.1)

CPU:total 4 (2 cores per cpu, 2 threads per core) family 6 model 142 stepping 9, cmov, cx8, fxsr, mmx, sse, sse2, sse3, ssse3, sse4.1, sse4.2, popcnt, avx, avx2, aes, clmul, erms, 3dnowpref, lzcnt, ht, tsc, tscinvbit, bmi1, bmi2, adx

Memory: 4k page, physical 4090336k(662908k free), swap 4090336k(7384k free)

vm_info: OpenJDK 64-Bit Server VM (25.112-b06) for windows-amd64 JRE (1.8.0_112-release-b06), built on Dec  8 2016 00:54:26 by "builder" with MS VC++ 10.0 (VS2010)

time: Wed Jul 18 09:54:45 2018
elapsed time: 4 seconds (0d 0h 0m 4s)

