#
# There is insufficient memory for the Java Runtime Environment to continue.
# Native memory allocation (malloc) failed to allocate 1152176 bytes for Chunk::new
# Possible reasons:
#   The system is out of physical RAM or swap space
#   In 32 bit mode, the process size limit was hit
# Possible solutions:
#   Reduce memory load on the system
#   Increase physical memory or swap space
#   Check if swap backing store is full
#   Use 64 bit Java on a 64 bit OS
#   Decrease Java heap size (-Xmx/-Xms)
#   Decrease number of Java threads
#   Decrease Java thread stack sizes (-Xss)
#   Set larger code cache with -XX:ReservedCodeCacheSize=
# This output file may be truncated or incomplete.
#
#  Out of Memory Error (allocation.cpp:390), pid=6440, tid=0x00000000000008fc
#
# JRE version: OpenJDK Runtime Environment (8.0_112-b06) (build 1.8.0_112-release-b06)
# Java VM: OpenJDK 64-Bit Server VM (25.112-b06 mixed mode windows-amd64 compressed oops)
# Failed to write core dump. Minidumps are not enabled by default on client versions of Windows
#

---------------  T H R E A D  ---------------

Current thread (0x00000000168ab000):  JavaThread "C2 CompilerThread1" daemon [_thread_in_native, id=2300, stack(0x00000000182b0000,0x00000000183b0000)]

Stack: [0x00000000182b0000,0x00000000183b0000]
[error occurred during error reporting (printing stack bounds), id 0xc0000005]

Native frames: (J=compiled Java code, j=interpreted, Vv=VM code, C=native code)


Current CompileTask:
C2:  13230 5283       4       java.lang.Class::getMethod0 (40 bytes)


---------------  P R O C E S S  ---------------

Java Threads: ( => current thread )
  0x000000001a350000 JavaThread "File lock request listener" [_thread_in_native, id=10136, stack(0x000000001e0e0000,0x000000001e1e0000)]
  0x0000000019577000 JavaThread "Stdin handler" [_thread_blocked, id=2124, stack(0x000000001ba40000,0x000000001bb40000)]
  0x0000000019572000 JavaThread "Asynchronous log dispatcher for DefaultDaemonConnection: socket connection from /127.0.0.1:51824 to /127.0.0.1:51825" [_thread_blocked, id=1564, stack(0x000000001b940000,0x000000001ba40000)]
  0x0000000019570000 JavaThread "Daemon worker" [_thread_in_vm, id=8708, stack(0x000000001b840000,0x000000001b940000)]
  0x000000001956e000 JavaThread "Cancel handler" [_thread_blocked, id=1144, stack(0x000000001b740000,0x000000001b840000)]
  0x0000000019aca000 JavaThread "pool-1-thread-1" [_thread_blocked, id=10020, stack(0x000000001b640000,0x000000001b740000)]
  0x0000000019ac7000 JavaThread "Handler for socket connection from /127.0.0.1:51824 to /127.0.0.1:51825" [_thread_in_native, id=5996, stack(0x000000001b540000,0x000000001b640000)]
  0x000000001961c000 JavaThread "Daemon" [_thread_blocked, id=12924, stack(0x000000001b440000,0x000000001b540000)]
  0x0000000019429000 JavaThread "Incoming local TCP Connector on port 51824" [_thread_in_native, id=4876, stack(0x0000000019e80000,0x0000000019f80000)]
  0x0000000017c41000 JavaThread "Service Thread" daemon [_thread_blocked, id=4692, stack(0x00000000184b0000,0x00000000185b0000)]
  0x0000000017bc9800 JavaThread "C1 CompilerThread2" daemon [_thread_blocked, id=11836, stack(0x00000000183b0000,0x00000000184b0000)]
=>0x00000000168ab000 JavaThread "C2 CompilerThread1" daemon [_thread_in_native, id=2300, stack(0x00000000182b0000,0x00000000183b0000)]
  0x0000000016861000 JavaThread "C2 CompilerThread0" daemon [_thread_in_native, id=13164, stack(0x00000000181b0000,0x00000000182b0000)]
  0x0000000016860000 JavaThread "Attach Listener" daemon [_thread_blocked, id=7148, stack(0x00000000180b0000,0x00000000181b0000)]
  0x0000000017bb8800 JavaThread "Signal Dispatcher" daemon [_thread_blocked, id=1820, stack(0x0000000017fb0000,0x00000000180b0000)]
  0x0000000016837000 JavaThread "Finalizer" daemon [_thread_blocked, id=6716, stack(0x0000000017ab0000,0x0000000017bb0000)]
  0x0000000002ed1000 JavaThread "Reference Handler" daemon [_thread_blocked, id=2788, stack(0x00000000179b0000,0x0000000017ab0000)]
  0x0000000002de0800 JavaThread "main" [_thread_blocked, id=9560, stack(0x0000000002c60000,0x0000000002d60000)]

Other Threads:
  0x0000000016815000 VMThread [stack: 0x00000000178b0000,0x00000000179b0000] [id=3024]
  0x0000000017c4b000 WatcherThread [stack: 0x00000000185b0000,0x00000000186b0000] [id=13296]

VM state:not at safepoint (normal execution)

VM Mutex/Monitor currently owned by a thread: None

Heap:
 PSYoungGen      total 96768K, used 83757K [0x00000000e0000000, 0x00000000e6980000, 0x0000000100000000)
  eden space 86528K, 87% used [0x00000000e0000000,0x00000000e4a0a440,0x00000000e5480000)
  from space 10240K, 77% used [0x00000000e5f00000,0x00000000e66c1080,0x00000000e6900000)
  to   space 10752K, 0% used [0x00000000e5480000,0x00000000e5480000,0x00000000e5f00000)
 ParOldGen       total 54272K, used 17037K [0x00000000a0000000, 0x00000000a3500000, 0x00000000e0000000)
  object space 54272K, 31% used [0x00000000a0000000,0x00000000a10a3570,0x00000000a3500000)
 Metaspace       used 44732K, capacity 45828K, committed 45952K, reserved 1089536K
  class space    used 5970K, capacity 6209K, committed 6272K, reserved 1048576K

Card table byte_map: [0x00000000122a0000,0x00000000125b0000] byte_map_base: 0x0000000011da0000

Marking Bits: (ParMarkBitMap*) 0x000000006eb318f0
 Begin Bits: [0x0000000012bb0000, 0x00000000143b0000)
 End Bits:   [0x00000000143b0000, 0x0000000015bb0000)

Polling page: 0x0000000000b50000

CodeCache: size=245760Kb used=17871Kb max_used=17871Kb free=227888Kb
 bounds [0x0000000002ee0000, 0x0000000004070000, 0x0000000011ee0000]
 total_blobs=5727 nmethods=4988 adapters=651
 compilation: enabled

Compilation events (10 events):
Event: 13.140 Thread 0x0000000017bc9800 5327       3       java.lang.invoke.InnerClassLambdaMetafactory::getLoadOpcode (25 bytes)
Event: 13.141 Thread 0x0000000017bc9800 nmethod 5327 0x000000000404a390 code [0x000000000404a520, 0x000000000404a798]
Event: 13.141 Thread 0x0000000017bc9800 5328       3       java.lang.invoke.InnerClassLambdaMetafactory::getParameterSize (27 bytes)
Event: 13.141 Thread 0x0000000017bc9800 nmethod 5328 0x000000000405d250 code [0x000000000405d3c0, 0x000000000405d5f0]
Event: 13.142 Thread 0x0000000017bc9800 5329       3       java.lang.invoke.MethodTypeForm::unpack (30 bytes)
Event: 13.142 Thread 0x0000000017bc9800 nmethod 5329 0x000000000405d650 code [0x000000000405d7a0, 0x000000000405d910]
Event: 13.143 Thread 0x0000000017bc9800 5330       3       sun.invoke.util.Wrapper::forPrimitiveType (49 bytes)
Event: 13.144 Thread 0x0000000017bc9800 nmethod 5330 0x000000000405d990 code [0x000000000405dc20, 0x000000000405edd8]
Event: 13.145 Thread 0x0000000017bc9800 5331       3       com.google.common.collect.CollectPreconditions::checkNonnegative (54 bytes)
Event: 13.146 Thread 0x0000000017bc9800 nmethod 5331 0x000000000405f690 code [0x000000000405f8c0, 0x0000000004060578]

GC Heap History (10 events):
Event: 5.290 GC heap before
{Heap before GC invocations=10 (full 1):
 PSYoungGen      total 55296K, used 54858K [0x00000000e0000000, 0x00000000e4c80000, 0x0000000100000000)
  eden space 50176K, 100% used [0x00000000e0000000,0x00000000e3100000,0x00000000e3100000)
  from space 5120K, 91% used [0x00000000e4780000,0x00000000e4c12930,0x00000000e4c80000)
  to   space 7168K, 0% used [0x00000000e3e80000,0x00000000e3e80000,0x00000000e4580000)
 ParOldGen       total 36864K, used 9030K [0x00000000a0000000, 0x00000000a2400000, 0x00000000e0000000)
  object space 36864K, 24% used [0x00000000a0000000,0x00000000a08d1850,0x00000000a2400000)
 Metaspace       used 28257K, capacity 28676K, committed 28928K, reserved 1075200K
  class space    used 3882K, capacity 4017K, committed 4096K, reserved 1048576K
Event: 5.297 GC heap after
Heap after GC invocations=10 (full 1):
 PSYoungGen      total 71168K, used 6672K [0x00000000e0000000, 0x00000000e4e80000, 0x0000000100000000)
  eden space 64000K, 0% used [0x00000000e0000000,0x00000000e0000000,0x00000000e3e80000)
  from space 7168K, 93% used [0x00000000e3e80000,0x00000000e45043a8,0x00000000e4580000)
  to   space 7680K, 0% used [0x00000000e4700000,0x00000000e4700000,0x00000000e4e80000)
 ParOldGen       total 36864K, used 9102K [0x00000000a0000000, 0x00000000a2400000, 0x00000000e0000000)
  object space 36864K, 24% used [0x00000000a0000000,0x00000000a08e3860,0x00000000a2400000)
 Metaspace       used 28257K, capacity 28676K, committed 28928K, reserved 1075200K
  class space    used 3882K, capacity 4017K, committed 4096K, reserved 1048576K
}
Event: 7.418 GC heap before
{Heap before GC invocations=11 (full 1):
 PSYoungGen      total 71168K, used 70672K [0x00000000e0000000, 0x00000000e4e80000, 0x0000000100000000)
  eden space 64000K, 100% used [0x00000000e0000000,0x00000000e3e80000,0x00000000e3e80000)
  from space 7168K, 93% used [0x00000000e3e80000,0x00000000e45043a8,0x00000000e4580000)
  to   space 7680K, 0% used [0x00000000e4700000,0x00000000e4700000,0x00000000e4e80000)
 ParOldGen       total 36864K, used 9102K [0x00000000a0000000, 0x00000000a2400000, 0x00000000e0000000)
  object space 36864K, 24% used [0x00000000a0000000,0x00000000a08e3860,0x00000000a2400000)
 Metaspace       used 31384K, capacity 31914K, committed 32128K, reserved 1077248K
  class space    used 4216K, capacity 4375K, committed 4480K, reserved 1048576K
Event: 7.434 GC heap after
Heap after GC invocations=11 (full 1):
 PSYoungGen      total 71680K, used 7629K [0x00000000e0000000, 0x00000000e6080000, 0x0000000100000000)
  eden space 64000K, 0% used [0x00000000e0000000,0x00000000e0000000,0x00000000e3e80000)
  from space 7680K, 99% used [0x00000000e4700000,0x00000000e4e737a8,0x00000000e4e80000)
  to   space 8704K, 0% used [0x00000000e3e80000,0x00000000e3e80000,0x00000000e4700000)
 ParOldGen       total 36864K, used 9110K [0x00000000a0000000, 0x00000000a2400000, 0x00000000e0000000)
  object space 36864K, 24% used [0x00000000a0000000,0x00000000a08e5860,0x00000000a2400000)
 Metaspace       used 31384K, capacity 31914K, committed 32128K, reserved 1077248K
  class space    used 4216K, capacity 4375K, committed 4480K, reserved 1048576K
}
Event: 8.397 GC heap before
{Heap before GC invocations=12 (full 1):
 PSYoungGen      total 71680K, used 62220K [0x00000000e0000000, 0x00000000e6080000, 0x0000000100000000)
  eden space 64000K, 85% used [0x00000000e0000000,0x00000000e354fb08,0x00000000e3e80000)
  from space 7680K, 99% used [0x00000000e4700000,0x00000000e4e737a8,0x00000000e4e80000)
  to   space 8704K, 0% used [0x00000000e3e80000,0x00000000e3e80000,0x00000000e4700000)
 ParOldGen       total 36864K, used 9110K [0x00000000a0000000, 0x00000000a2400000, 0x00000000e0000000)
  object space 36864K, 24% used [0x00000000a0000000,0x00000000a08e5860,0x00000000a2400000)
 Metaspace       used 34714K, capacity 35340K, committed 35496K, reserved 1079296K
  class space    used 4634K, capacity 4814K, committed 4864K, reserved 1048576K
Event: 8.465 GC heap after
Heap after GC invocations=12 (full 1):
 PSYoungGen      total 72704K, used 8703K [0x00000000e0000000, 0x00000000e6900000, 0x0000000100000000)
  eden space 64000K, 0% used [0x00000000e0000000,0x00000000e0000000,0x00000000e3e80000)
  from space 8704K, 99% used [0x00000000e3e80000,0x00000000e46fffe8,0x00000000e4700000)
  to   space 10240K, 0% used [0x00000000e5f00000,0x00000000e5f00000,0x00000000e6900000)
 ParOldGen       total 36864K, used 10632K [0x00000000a0000000, 0x00000000a2400000, 0x00000000e0000000)
  object space 36864K, 28% used [0x00000000a0000000,0x00000000a0a62108,0x00000000a2400000)
 Metaspace       used 34714K, capacity 35340K, committed 35496K, reserved 1079296K
  class space    used 4634K, capacity 4814K, committed 4864K, reserved 1048576K
}
Event: 8.465 GC heap before
{Heap before GC invocations=13 (full 2):
 PSYoungGen      total 72704K, used 8703K [0x00000000e0000000, 0x00000000e6900000, 0x0000000100000000)
  eden space 64000K, 0% used [0x00000000e0000000,0x00000000e0000000,0x00000000e3e80000)
  from space 8704K, 99% used [0x00000000e3e80000,0x00000000e46fffe8,0x00000000e4700000)
  to   space 10240K, 0% used [0x00000000e5f00000,0x00000000e5f00000,0x00000000e6900000)
 ParOldGen       total 36864K, used 10632K [0x00000000a0000000, 0x00000000a2400000, 0x00000000e0000000)
  object space 36864K, 28% used [0x00000000a0000000,0x00000000a0a62108,0x00000000a2400000)
 Metaspace       used 34714K, capacity 35340K, committed 35496K, reserved 1079296K
  class space    used 4634K, capacity 4814K, committed 4864K, reserved 1048576K
Event: 8.553 GC heap after
Heap after GC invocations=13 (full 2):
 PSYoungGen      total 72704K, used 0K [0x00000000e0000000, 0x00000000e6900000, 0x0000000100000000)
  eden space 64000K, 0% used [0x00000000e0000000,0x00000000e0000000,0x00000000e3e80000)
  from space 8704K, 0% used [0x00000000e3e80000,0x00000000e3e80000,0x00000000e4700000)
  to   space 10240K, 0% used [0x00000000e5f00000,0x00000000e5f00000,0x00000000e6900000)
 ParOldGen       total 54272K, used 17029K [0x00000000a0000000, 0x00000000a3500000, 0x00000000e0000000)
  object space 54272K, 31% used [0x00000000a0000000,0x00000000a10a1570,0x00000000a3500000)
 Metaspace       used 34714K, capacity 35340K, committed 35496K, reserved 1079296K
  class space    used 4634K, capacity 4814K, committed 4864K, reserved 1048576K
}
Event: 10.654 GC heap before
{Heap before GC invocations=14 (full 2):
 PSYoungGen      total 72704K, used 64000K [0x00000000e0000000, 0x00000000e6900000, 0x0000000100000000)
  eden space 64000K, 100% used [0x00000000e0000000,0x00000000e3e80000,0x00000000e3e80000)
  from space 8704K, 0% used [0x00000000e3e80000,0x00000000e3e80000,0x00000000e4700000)
  to   space 10240K, 0% used [0x00000000e5f00000,0x00000000e5f00000,0x00000000e6900000)
 ParOldGen       total 54272K, used 17029K [0x00000000a0000000, 0x00000000a3500000, 0x00000000e0000000)
  object space 54272K, 31% used [0x00000000a0000000,0x00000000a10a1570,0x00000000a3500000)
 Metaspace       used 39932K, capacity 40828K, committed 40960K, reserved 1085440K
  class space    used 5386K, capacity 5607K, committed 5632K, reserved 1048576K
Event: 10.697 GC heap after
Heap after GC invocations=14 (full 2):
 PSYoungGen      total 96768K, used 7940K [0x00000000e0000000, 0x00000000e6980000, 0x0000000100000000)
  eden space 86528K, 0% used [0x00000000e0000000,0x00000000e0000000,0x00000000e5480000)
  from space 10240K, 77% used [0x00000000e5f00000,0x00000000e66c1080,0x00000000e6900000)
  to   space 10752K, 0% used [0x00000000e5480000,0x00000000e5480000,0x00000000e5f00000)
 ParOldGen       total 54272K, used 17037K [0x00000000a0000000, 0x00000000a3500000, 0x00000000e0000000)
  object space 54272K, 31% used [0x00000000a0000000,0x00000000a10a3570,0x00000000a3500000)
 Metaspace       used 39932K, capacity 40828K, committed 40960K, reserved 1085440K
  class space    used 5386K, capacity 5607K, committed 5632K, reserved 1048576K
}

Deoptimization events (10 events):
Event: 10.940 Thread 0x0000000019570000 Uncommon trap: reason=unstable_if action=reinterpret pc=0x000000000382a750 method=com.sun.org.apache.xerces.internal.utils.XMLSecurityManager.isOverLimit(ILcom/sun/org/apache/xerces/internal/utils/XMLLimitAnalyzer;)Z @ 38
Event: 10.949 Thread 0x0000000019570000 Uncommon trap: reason=unstable_if action=reinterpret pc=0x0000000003b47a58 method=java.util.WeakHashMap.remove(Ljava/lang/Object;)Ljava/lang/Object; @ 94
Event: 11.153 Thread 0x0000000019570000 Uncommon trap: reason=unstable_if action=reinterpret pc=0x00000000038d5588 method=java.lang.CharacterDataLatin1.digit(II)I @ 31
Event: 11.216 Thread 0x0000000019570000 Uncommon trap: reason=unstable_if action=reinterpret pc=0x000000000376e068 method=java.lang.CharacterDataLatin1.digit(II)I @ 31
Event: 12.027 Thread 0x0000000019570000 Uncommon trap: reason=unstable_if action=reinterpret pc=0x00000000031486b0 method=java.util.regex.Pattern$LastNode.match(Ljava/util/regex/Matcher;ILjava/lang/CharSequence;)Z @ 5
Event: 12.326 Thread 0x0000000019570000 Uncommon trap: reason=unstable_if action=reinterpret pc=0x00000000039c0a68 method=sun.security.provider.DigestBase.engineUpdate([BII)V @ 35
Event: 12.463 Thread 0x0000000019570000 Uncommon trap: reason=class_check action=maybe_recompile pc=0x0000000003bd24d8 method=com.google.common.collect.AbstractMapBasedMultimap$WrappedCollection.refreshIfEmpty()V @ 59
Event: 12.463 Thread 0x0000000019570000 Uncommon trap: reason=class_check action=maybe_recompile pc=0x0000000003bd24d8 method=com.google.common.collect.AbstractMapBasedMultimap$WrappedCollection.refreshIfEmpty()V @ 59
Event: 12.463 Thread 0x0000000019570000 Uncommon trap: reason=class_check action=maybe_recompile pc=0x0000000003bd24d8 method=com.google.common.collect.AbstractMapBasedMultimap$WrappedCollection.refreshIfEmpty()V @ 59
Event: 12.463 Thread 0x0000000019570000 Uncommon trap: reason=class_check action=maybe_recompile pc=0x0000000003bd24d8 method=com.google.common.collect.AbstractMapBasedMultimap$WrappedCollection.refreshIfEmpty()V @ 59

Internal exceptions (10 events):
Event: 12.947 Thread 0x0000000019570000 Exception <a 'java/lang/ClassNotFoundException': com/android/build/gradle/internal/tasks/MockableAndroidJarTask_DecoratedBeanInfo> (0x00000000e4660618) thrown at [C:\src\android\AOSP-openjdk\external\jetbrains\jdk\hotspot\src\share\vm\classfile\systemDicti
Event: 12.948 Thread 0x0000000019570000 Exception <a 'java/lang/ClassNotFoundException': com/android/build/gradle/internal/tasks/MockableAndroidJarTaskBeanInfo> (0x00000000e4675dc0) thrown at [C:\src\android\AOSP-openjdk\external\jetbrains\jdk\hotspot\src\share\vm\classfile\systemDictionary.cpp,£N>_ªì)@
Event: 12.962 Thread 0x0000000019570000 Exception <a 'java/lang/ClassNotFoundException': com/android/build/gradle/internal/tasks/MockableAndroidJarTaskCustomizer> (0x00000000e468bcb8) thrown at [C:\src\android\AOSP-openjdk\external\jetbrains\jdk\hotspot\src\share\vm\classfile\systemDictionary.cp$p|&÷)@
Event: 12.983 Thread 0x0000000019570000 Exception <a 'java/lang/ClassNotFoundException': com/android/build/gradle/internal/tasks/MockableAndroidJarTask_DecoratedCustomizer> (0x00000000e46bb9d0) thrown at [C:\src\android\AOSP-openjdk\external\jetbrains\jdk\hotspot\src\share\vm\classfile\systemDicF¤^¿6*@
Event: 13.107 Thread 0x0000000019570000 Exception <a 'java/lang/ClassNotFoundException': com/android/build/gradle/internal/tasks/CheckManifest_DecoratedBeanInfo> (0x00000000e4857ac8) thrown at [C:\src\android\AOSP-openjdk\external\jetbrains\jdk\hotspot\src\share\vm\classfile\systemDictionary.cppÞ½]Æý6*@
Event: 13.107 Thread 0x0000000019570000 Exception <a 'java/lang/ClassNotFoundException': com/android/build/gradle/internal/tasks/CheckManifestBeanInfo> (0x00000000e486ba28) thrown at [C:\src\android\AOSP-openjdk\external\jetbrains\jdk\hotspot\src\share\vm\classfile\systemDictionary.cpp, line 210ÍOª8_7*@
Event: 13.108 Thread 0x0000000019570000 Exception <a 'java/lang/ClassNotFoundException': com/android/build/gradle/internal/tasks/DefaultAndroidTaskBeanInfo> (0x00000000e48801a8) thrown at [C:\src\android\AOSP-openjdk\external\jetbrains\jdk\hotspot\src\share\vm\classfile\systemDictionary.cpp, linÙd¥7*@
Event: 13.109 Thread 0x0000000019570000 Exception <a 'java/lang/ClassNotFoundException': com/android/build/gradle/internal/tasks/DefaultAndroidTaskCustomizer> (0x00000000e4895458) thrown at [C:\src\android\AOSP-openjdk\external\jetbrains\jdk\hotspot\src\share\vm\classfile\systemDictionary.cpp, l‘½<CD8*@
Event: 13.110 Thread 0x0000000019570000 Exception <a 'java/lang/ClassNotFoundException': com/android/build/gradle/internal/tasks/CheckManifestCustomizer> (0x00000000e48bc1b8) thrown at [C:\src\android\AOSP-openjdk\external\jetbrains\jdk\hotspot\src\share\vm\classfile\systemDictionary.cpp, line 25ÅA>É8*@
Event: 13.111 Thread 0x0000000019570000 Exception <a 'java/lang/ClassNotFoundException': com/android/build/gradle/internal/tasks/CheckManifest_DecoratedCustomizer> (0x00000000e48e7030) thrown at [C:\src\android\AOSP-openjdk\external\jetbrains\jdk\hotspot\src\share\vm\classfile\systemDictionary.cè®ý‡å)@

Events (10 events):
Event: 13.147 loading class com/android/build/gradle/tasks/ManifestProcessorTask
Event: 13.147 loading class com/android/build/gradle/tasks/ManifestProcessorTask done
Event: 13.147 loading class com/android/build/gradle/tasks/MergeManifests
Event: 13.147 loading class com/android/build/gradle/tasks/MergeManifests done
Event: 13.149 loading class org/gradle/api/tasks/incremental/IncrementalTaskInputs
Event: 13.149 loading class org/gradle/api/tasks/incremental/IncrementalTaskInputs done
Event: 13.149 loading class org/gradle/api/tasks/incremental/IncrementalTaskInputs
Event: 13.149 loading class org/gradle/api/tasks/incremental/IncrementalTaskInputs done
Event: 13.150 loading class org/gradle/api/tasks/InputFiles
Event: 13.150 loading class org/gradle/api/tasks/InputFiles done


Dynamic libraries:
0x00007ff75fb30000 - 0x00007ff75fb61000 	C:\Program Files (x86)\Android\jre\bin\java.exe
0x00007fffabc10000 - 0x00007fffabdf1000 	C:\WINDOWS\SYSTEM32\ntdll.dll
0x00007fffab590000 - 0x00007fffab642000 	C:\WINDOWS\System32\KERNEL32.DLL
0x00007fffa81d0000 - 0x00007fffa8443000 	C:\WINDOWS\System32\KERNELBASE.dll
0x00007fffab910000 - 0x00007fffab9b1000 	C:\WINDOWS\System32\ADVAPI32.dll
0x00007fffab4d0000 - 0x00007fffab56e000 	C:\WINDOWS\System32\msvcrt.dll
0x00007fffab720000 - 0x00007fffab77b000 	C:\WINDOWS\System32\sechost.dll
0x00007fffa9230000 - 0x00007fffa9354000 	C:\WINDOWS\System32\RPCRT4.dll
0x00007fffa90a0000 - 0x00007fffa9230000 	C:\WINDOWS\System32\USER32.dll
0x00007fffa9080000 - 0x00007fffa90a0000 	C:\WINDOWS\System32\win32u.dll
0x00007fffaa960000 - 0x00007fffaa988000 	C:\WINDOWS\System32\GDI32.dll
0x00007fffa7fe0000 - 0x00007fffa8172000 	C:\WINDOWS\System32\gdi32full.dll
0x00007fffa8fe0000 - 0x00007fffa907f000 	C:\WINDOWS\System32\msvcp_win.dll
0x00007fffa84d0000 - 0x00007fffa85ca000 	C:\WINDOWS\System32\ucrtbase.dll
0x00007fff9b3a0000 - 0x00007fff9b609000 	C:\WINDOWS\WinSxS\amd64_microsoft.windows.common-controls_6595b64144ccf1df_6.0.17134.48_none_b4b2216a3cb4dd3e\COMCTL32.dll
0x00007fffab0e0000 - 0x00007fffab403000 	C:\WINDOWS\System32\combase.dll
0x00007fffa8450000 - 0x00007fffa84ca000 	C:\WINDOWS\System32\bcryptPrimitives.dll
0x00007fffab8e0000 - 0x00007fffab90d000 	C:\WINDOWS\System32\IMM32.DLL
0x000000006ef20000 - 0x000000006eff2000 	C:\Program Files (x86)\Android\jre\jre\bin\msvcr100.dll
0x000000006e370000 - 0x000000006ebac000 	C:\Program Files (x86)\Android\jre\jre\bin\server\jvm.dll
0x00007fffab580000 - 0x00007fffab588000 	C:\WINDOWS\System32\PSAPI.DLL
0x00007fff911c0000 - 0x00007fff911c9000 	C:\WINDOWS\SYSTEM32\WSOCK32.dll
0x00007fffa1fe0000 - 0x00007fffa2003000 	C:\WINDOWS\SYSTEM32\WINMM.dll
0x00007fffaa8f0000 - 0x00007fffaa95c000 	C:\WINDOWS\System32\WS2_32.dll
0x00007fffa1fb0000 - 0x00007fffa1fda000 	C:\WINDOWS\SYSTEM32\winmmbase.dll
0x00007fffa8180000 - 0x00007fffa81c9000 	C:\WINDOWS\System32\cfgmgr32.dll
0x00007fff9f080000 - 0x00007fff9f08a000 	C:\WINDOWS\SYSTEM32\VERSION.dll
0x00007fffa4060000 - 0x00007fffa406f000 	C:\Program Files (x86)\Android\jre\jre\bin\verify.dll
0x00007fffa4030000 - 0x00007fffa4059000 	C:\Program Files (x86)\Android\jre\jre\bin\java.dll
0x00007fffa2ce0000 - 0x00007fffa2cf6000 	C:\Program Files (x86)\Android\jre\jre\bin\zip.dll
0x00007fffa93c0000 - 0x00007fffaa800000 	C:\WINDOWS\System32\SHELL32.dll
0x00007fffaaa00000 - 0x00007fffaaaa9000 	C:\WINDOWS\System32\shcore.dll
0x00007fffa88d0000 - 0x00007fffa8fdd000 	C:\WINDOWS\System32\windows.storage.dll
0x00007fffaa9a0000 - 0x00007fffaa9f1000 	C:\WINDOWS\System32\shlwapi.dll
0x00007fffa7fc0000 - 0x00007fffa7fd1000 	C:\WINDOWS\System32\kernel.appcore.dll
0x00007fffa7f90000 - 0x00007fffa7faf000 	C:\WINDOWS\System32\profapi.dll
0x00007fffa7f20000 - 0x00007fffa7f6c000 	C:\WINDOWS\System32\powrprof.dll
0x00007fffa7fb0000 - 0x00007fffa7fba000 	C:\WINDOWS\System32\FLTLIB.DLL
0x00007fffa2cc0000 - 0x00007fffa2cda000 	C:\Program Files (x86)\Android\jre\jre\bin\net.dll
0x00007fffa7780000 - 0x00007fffa77e6000 	C:\WINDOWS\system32\mswsock.dll
0x00007fffa2a30000 - 0x00007fffa2a41000 	C:\Program Files (x86)\Android\jre\jre\bin\nio.dll
0x00007fff98d70000 - 0x00007fff98d8e000 	C:\Users\dell\.gradle\native\23\windows-amd64\native-platform.dll
0x00007fffa7930000 - 0x00007fffa7947000 	C:\WINDOWS\SYSTEM32\CRYPTSP.dll
0x00007fffa7360000 - 0x00007fffa7393000 	C:\WINDOWS\system32\rsaenh.dll
0x00007fffa7a60000 - 0x00007fffa7a85000 	C:\WINDOWS\SYSTEM32\bcrypt.dll
0x00007fffa7e20000 - 0x00007fffa7e48000 	C:\WINDOWS\SYSTEM32\USERENV.dll
0x00007fffa7950000 - 0x00007fffa795b000 	C:\WINDOWS\SYSTEM32\CRYPTBASE.dll
0x00007fffa7500000 - 0x00007fffa7538000 	C:\WINDOWS\SYSTEM32\IPHLPAPI.DLL
0x00007fffab570000 - 0x00007fffab578000 	C:\WINDOWS\System32\NSI.dll
0x00007fff9c860000 - 0x00007fff9c876000 	C:\WINDOWS\SYSTEM32\dhcpcsvc6.DLL
0x00007fff9e460000 - 0x00007fff9e47a000 	C:\WINDOWS\SYSTEM32\dhcpcsvc.DLL
0x00007fffa2060000 - 0x00007fffa206d000 	C:\Program Files (x86)\Android\jre\jre\bin\management.dll

VM Arguments:
jvm_args: -Xmx1536m -Dfile.encoding=GBK -Duser.country=CN -Duser.language=zh -Duser.variant 
java_command: org.gradle.launcher.daemon.bootstrap.GradleDaemon 3.3
java_class_path (initial): C:\Users\dell\.gradle\wrapper\dists\gradle-3.3-all\55gk2rcmfc6p2dg9u9ohc3hw9\gradle-3.3\lib\gradle-launcher-3.3.jar
Launcher Type: SUN_STANDARD

Environment Variables:
JAVA_HOME=C:\Program Files\Java\jdk1.8.0_131
CLASSPATH=.;C:\Program Files\Java\jdk1.8.0_131\lib\dt.jar;C:\Program Files\Java\jdk1.8.0_131\lib\tools.jar;
PATH=C:\Program Files (x86)\Intel\iCLS Client\;C:\ProgramData\Oracle\Java\javapath;C:\Program Files\Intel\iCLS Client\;C:\Windows\system32;C:\Windows;C:\Windows\System32\Wbem;C:\Windows\System32\WindowsPowerShell\v1.0\;C:\Program Files (x86)\NVIDIA Corporation\PhysX\Common;C:\Program Files\Java\jdk1.8.0_131\bin;C:\Program Files\Java\jdk1.8.0_131\jre\bin;C:\Program Files\Intel\WiFi\bin\;C:\Program Files\Common Files\Intel\WirelessCommon\;C:\WINDOWS\system32;C:\WINDOWS;C:\WINDOWS\System32\Wbem;C:\WINDOWS\System32\WindowsPowerShell\v1.0\;D:\Windows\C\bin;C:\WINDOWS\System32\OpenSSH\;C:\Program Files (x86)\Intel\Intel(R) Management Engine Components\DAL;C:\Program Files\Intel\Intel(R) Management Engine Components\DAL;C:\Program Files (x86)\Intel\Intel(R) Management Engine Components\IPT;C:\Program Files\Intel\Intel(R) Management Engine Components\IPT;C:\Users\dell\AppData\Local\Microsoft\WindowsApps;C:\Program Files\Java\jdk1.8.0_131\bin;C:\Users\dell\AppData\Local\Microsoft\WindowsApps;C:\Users\dell\AppData\Local\GitHubDesktop\bin
USERNAME=dell
OS=Windows_NT
PROCESSOR_IDENTIFIER=Intel64 Family 6 Model 142 Stepping 9, GenuineIntel



---------------  S Y S T E M  ---------------

OS: Windows 10.0 , 64 bit Build 17134 (10.0.17134.1)

CPU:total 4 (2 cores per cpu, 2 threads per core) family 6 model 142 stepping 9, cmov, cx8, fxsr, mmx, sse, sse2, sse3, ssse3, sse4.1, sse4.2, popcnt, avx, avx2, aes, clmul, erms, 3dnowpref, lzcnt, ht, tsc, tscinvbit, bmi1, bmi2, adx

Memory: 4k page, physical 4090336k(616632k free), swap 4090336k(4560k free)

vm_info: OpenJDK 64-Bit Server VM (25.112-b06) for windows-amd64 JRE (1.8.0_112-release-b06), built on Dec  8 2016 00:54:26 by "builder" with MS VC++ 10.0 (VS2010)

time: Wed Jul 18 10:01:34 2018
elapsed time: 13 seconds (0d 0h 0m 13s)

